[15May2025 00:01:19.072] [Server thread/INFO] [net.minecraft.server.players.PlayerList/]: Mtaep[/127.152.127.170:59345] logged in with entity id 4150 at (-501.5, 158.0, -438.5)
[15May2025 00:01:19.095] [Server thread/INFO] [net.minecraft.server.MinecraftServer/]: Mtaep joined the game
[15May2025 00:01:19.229] [Server thread/INFO] [Jade/]: Syncing config to Mtaep (c42aba1a-dbbb-3485-bd79-6cc60ec3d64e)
[15May2025 00:01:19.230] [Server thread/INFO] [net.minecraft.server.MinecraftServer/]: Mtaep has made the advancement [Herios Helian Mod]
[15May2025 00:01:19.258] [Server thread/INFO] [net.minecraft.server.MinecraftServer/]: Mtaep has completed the challenge [The Undead]
[15May2025 00:01:19.259] [Server thread/INFO] [net.minecraft.server.MinecraftServer/]: Mtaep has made the advancement [Ice and Fire]
[15May2025 00:01:22.219] [Server thread/INFO] [voicechat/]: [voicechat] Received secret request of Mtaep (18)
[15May2025 00:01:22.220] [Server thread/INFO] [voicechat/]: [voicechat] Sent secret to Mtaep
[15May2025 00:01:25.435] [Server thread/INFO] [net.minecraft.server.MinecraftServer/]: [DrPingaFloja: Set the time to 1000]
[15May2025 00:01:48.174] [Server thread/INFO] [net.minecraft.server.MinecraftServer/]: [Not Secure] <DrPingaFloja> tenes q ponerte shaders si o si
[15May2025 00:01:53.573] [Server thread/INFO] [net.minecraft.server.MinecraftServer/]: [Not Secure] <DrPingaFloja> se ve demasiado bien
[15May2025 00:01:55.184] [Server thread/INFO] [net.minecraft.server.MinecraftServer/]: [Not Secure] <Mtaep> para
[15May2025 00:01:59.370] [Server thread/INFO] [net.minecraft.server.MinecraftServer/]: [Not Secure] <Mtaep> no quiero
[15May2025 00:02:04.172] [Server thread/INFO] [net.minecraft.server.MinecraftServer/]: [Not Secure] <DrPingaFloja> te baneo la ip
[15May2025 00:02:05.505] [Server thread/INFO] [net.minecraft.server.MinecraftServer/]: [Not Secure] <DrPingaFloja> nde mira
[15May2025 00:02:13.672] [Server thread/INFO] [net.minecraft.server.MinecraftServer/]: Mtaep has made the advancement [Alex's Mobs]
[15May2025 00:02:26.632] [Server thread/INFO] [net.minecraft.server.MinecraftServer/]: [Not Secure] <DrPingaFloja> mira carajo
[15May2025 00:02:32.576] [Server thread/INFO] [net.minecraft.server.MinecraftServer/]: [Not Secure] <DrPingaFloja> cooño
[15May2025 00:02:33.731] [Server thread/WARN] [net.minecraft.server.level.ServerPlayerGameMode/]: Mismatch in destroy block pos: BlockPos{x=0, y=0, z=0} BlockPos{x=-493, y=161, z=-429}
[15May2025 00:02:34.224] [Server thread/WARN] [net.minecraft.server.level.ServerPlayerGameMode/]: Mismatch in destroy block pos: BlockPos{x=0, y=0, z=0} BlockPos{x=-493, y=161, z=-429}
[15May2025 00:02:34.628] [Server thread/WARN] [net.minecraft.server.level.ServerPlayerGameMode/]: Mismatch in destroy block pos: BlockPos{x=0, y=0, z=0} BlockPos{x=-493, y=161, z=-429}
[15May2025 00:02:34.822] [Server thread/WARN] [net.minecraft.server.level.ServerPlayerGameMode/]: Mismatch in destroy block pos: BlockPos{x=0, y=0, z=0} BlockPos{x=-493, y=161, z=-429}
[15May2025 00:02:35.078] [Server thread/WARN] [net.minecraft.server.level.ServerPlayerGameMode/]: Mismatch in destroy block pos: BlockPos{x=0, y=0, z=0} BlockPos{x=-493, y=161, z=-429}
[15May2025 00:02:35.330] [Server thread/WARN] [net.minecraft.server.level.ServerPlayerGameMode/]: Mismatch in destroy block pos: BlockPos{x=0, y=0, z=0} BlockPos{x=-493, y=161, z=-429}
[15May2025 00:02:36.333] [Server thread/WARN] [net.minecraft.server.level.ServerPlayerGameMode/]: Mismatch in destroy block pos: BlockPos{x=0, y=0, z=0} BlockPos{x=-493, y=161, z=-429}
[15May2025 00:02:37.223] [Server thread/WARN] [net.minecraft.server.level.ServerPlayerGameMode/]: Mismatch in destroy block pos: BlockPos{x=0, y=0, z=0} BlockPos{x=-493, y=161, z=-429}
[15May2025 00:02:37.777] [Server thread/WARN] [net.minecraft.server.level.ServerPlayerGameMode/]: Mismatch in destroy block pos: BlockPos{x=0, y=0, z=0} BlockPos{x=-493, y=161, z=-429}
[15May2025 00:02:37.979] [Server thread/WARN] [net.minecraft.server.level.ServerPlayerGameMode/]: Mismatch in destroy block pos: BlockPos{x=0, y=0, z=0} BlockPos{x=-493, y=161, z=-429}
[15May2025 00:02:38.578] [Server thread/WARN] [net.minecraft.server.network.ServerGamePacketListenerImpl/]: Rejecting UseItemOnPacket from Mtaep: Location (-492.3619281053543, 162.51114130020142, -428.0) too far away from hit block BlockPos{x=-493, y=161, z=-429}.
[15May2025 00:02:38.819] [Server thread/WARN] [net.minecraft.server.network.ServerGamePacketListenerImpl/]: Rejecting UseItemOnPacket from Mtaep: Location (-492.3619281053543, 162.69463348388672, -428.0) too far away from hit block BlockPos{x=-493, y=161, z=-429}.
[15May2025 00:02:42.494] [Server thread/INFO] [net.minecraft.server.MinecraftServer/]: [Not Secure] <Mtaep> señor casino
[15May2025 00:02:44.043] [Server thread/WARN] [net.minecraft.server.level.ServerPlayerGameMode/]: Mismatch in destroy block pos: BlockPos{x=0, y=0, z=0} BlockPos{x=-493, y=161, z=-429}
[15May2025 00:02:48.024] [Server thread/WARN] [net.minecraft.server.level.ServerPlayerGameMode/]: Mismatch in destroy block pos: BlockPos{x=0, y=0, z=0} BlockPos{x=-493, y=161, z=-429}
[15May2025 00:02:48.681] [Server thread/WARN] [net.minecraft.server.level.ServerPlayerGameMode/]: Mismatch in destroy block pos: BlockPos{x=0, y=0, z=0} BlockPos{x=-493, y=161, z=-429}
[15May2025 00:02:49.177] [Server thread/WARN] [net.minecraft.server.level.ServerPlayerGameMode/]: Mismatch in destroy block pos: BlockPos{x=0, y=0, z=0} BlockPos{x=-493, y=161, z=-429}
[15May2025 00:02:49.835] [Server thread/WARN] [net.minecraft.server.level.ServerPlayerGameMode/]: Mismatch in destroy block pos: BlockPos{x=0, y=0, z=0} BlockPos{x=-493, y=161, z=-429}
[15May2025 00:02:50.134] [Server thread/WARN] [net.minecraft.server.level.ServerPlayerGameMode/]: Mismatch in destroy block pos: BlockPos{x=0, y=0, z=0} BlockPos{x=-493, y=161, z=-429}
[15May2025 00:02:50.420] [Server thread/WARN] [net.minecraft.server.level.ServerPlayerGameMode/]: Mismatch in destroy block pos: BlockPos{x=0, y=0, z=0} BlockPos{x=-493, y=161, z=-429}
[15May2025 00:02:50.574] [Server thread/WARN] [net.minecraft.server.level.ServerPlayerGameMode/]: Mismatch in destroy block pos: BlockPos{x=0, y=0, z=0} BlockPos{x=-493, y=161, z=-429}
[15May2025 00:02:56.891] [Server thread/INFO] [net.minecraft.server.MinecraftServer/]: [Not Secure] <Mtaep> tu pueblo tiene hambre
[15May2025 00:03:12.929] [Server thread/INFO] [net.minecraft.server.MinecraftServer/]: [Not Secure] <DrPingaFloja> mira esta ñema
[15May2025 00:03:15.604] [Server thread/INFO] [net.minecraft.server.MinecraftServer/]: [Not Secure] <Mtaep> estas creativo perra
[15May2025 00:03:18.579] [Server thread/WARN] [net.minecraft.server.level.ServerPlayerGameMode/]: Mismatch in destroy block pos: BlockPos{x=0, y=0, z=0} BlockPos{x=-494, y=160, z=-431}
[15May2025 00:03:18.890] [Server thread/WARN] [net.minecraft.server.level.ServerPlayerGameMode/]: Mismatch in destroy block pos: BlockPos{x=0, y=0, z=0} BlockPos{x=-494, y=160, z=-430}
[15May2025 00:03:18.947] [Server thread/WARN] [net.minecraft.server.level.ServerPlayerGameMode/]: Mismatch in destroy block pos: BlockPos{x=0, y=0, z=0} BlockPos{x=-493, y=160, z=-430}
[15May2025 00:03:23.649] [Server thread/INFO] [net.minecraft.server.MinecraftServer/]: [Not Secure] <DrPingaFloja> y si si estaba viendo bobo
[15May2025 00:03:38.718] [Server thread/INFO] [net.minecraft.server.MinecraftServer/]: [Not Secure] <Mtaep> me va a 110 fps
[15May2025 00:03:45.672] [Server thread/INFO] [net.minecraft.server.MinecraftServer/]: [Not Secure] <Mtaep> pero aveces me da bajones de 20
[15May2025 00:03:53.552] [Server thread/INFO] [net.minecraft.server.MinecraftServer/]: [Not Secure] <DrPingaFloja> activa el vysnc
[15May2025 00:03:57.149] [Server thread/INFO] [net.minecraft.server.MinecraftServer/]: [Not Secure] <DrPingaFloja> algo asi se llamaba
[15May2025 00:04:03.183] [Server thread/INFO] [net.minecraft.server.MinecraftServer/]: [Not Secure] <DrPingaFloja> para que sea mas estable
[15May2025 00:04:22.120] [Server thread/INFO] [net.minecraft.server.MinecraftServer/]: [Not Secure] <DrPingaFloja> si sos el unico q va a jugar voy a apagar
[15May2025 00:04:22.939] [Server thread/INFO] [net.minecraft.server.MinecraftServer/]: [Not Secure] <Mtaep> donde esta eso
[15May2025 00:04:31.745] [Server thread/INFO] [net.minecraft.server.MinecraftServer/]: [Not Secure] <Mtaep> ahora le puse 8 chunks tambien
[15May2025 00:04:40.788] [Server thread/INFO] [net.minecraft.server.MinecraftServer/]: [Not Secure] <DrPingaFloja> hasta 20 le podes subir si queres
[15May2025 00:04:44.322] [Server thread/INFO] [net.minecraft.server.MinecraftServer/]: [Not Secure] <DrPingaFloja> o 15 sique
[15May2025 00:04:46.142] [Server thread/INFO] [net.minecraft.server.MinecraftServer/]: [Not Secure] <Mtaep> opq
[15May2025 00:04:47.825] [Server thread/INFO] [net.minecraft.server.MinecraftServer/]: [Not Secure] <DrPingaFloja> por si acaso
[15May2025 00:05:16.319] [Server thread/INFO] [net.minecraft.server.MinecraftServer/]: Mtaep was blown up by DrPingaFloja
[15May2025 00:05:16.322] [Server thread/INFO] [net.minecraft.server.MinecraftServer/]: Mtaep has made the advancement [Your First Grave]
[15May2025 00:05:16.341] [Server thread/INFO] [tombstone/]: The player Mtaep has successfully been saved
[15May2025 00:05:18.788] [Server thread/INFO] [net.minecraft.server.MinecraftServer/]: [Not Secure] <DrPingaFloja> XD
[15May2025 00:05:31.824] [Server thread/INFO] [net.minecraft.server.MinecraftServer/]: Mtaep has reached the goal [Here They Come]
[15May2025 00:06:06.476] [Server thread/INFO] [net.minecraft.server.MinecraftServer/]: [Not Secure] <DrPingaFloja> mateo
[15May2025 00:06:09.038] [Server thread/INFO] [net.minecraft.server.MinecraftServer/]: [Not Secure] <Mtaep> q
[15May2025 00:06:09.281] [Server thread/INFO] [net.minecraft.server.MinecraftServer/]: [Not Secure] <DrPingaFloja> veni aca carajo
[15May2025 00:06:11.887] [Server thread/INFO] [net.minecraft.server.MinecraftServer/]: [Not Secure] <Mtaep> pq
[15May2025 00:06:14.979] [Server thread/INFO] [net.minecraft.server.MinecraftServer/]: [Not Secure] <DrPingaFloja> no vas a exlorar
[15May2025 00:06:18.653] [Server thread/INFO] [net.minecraft.server.MinecraftServer/]: [Not Secure] <DrPingaFloja> muy injusto
[15May2025 00:06:29.626] [Server thread/INFO] [net.minecraft.server.MinecraftServer/]: [DrPingaFloja: Teleported Mtaep to DrPingaFloja]
[15May2025 00:06:35.671] [Server thread/INFO] [net.minecraft.server.MinecraftServer/]: [Not Secure] <DrPingaFloja> caralho
[15May2025 00:06:44.086] [Server thread/INFO] [net.minecraft.server.MinecraftServer/]: [Not Secure] <DrPingaFloja> te doy creativo si queres ver
[15May2025 00:06:51.525] [Server thread/INFO] [net.minecraft.server.MinecraftServer/]: [Not Secure] <Mtaep> dame
[15May2025 00:06:58.472] [Server thread/INFO] [net.minecraft.server.MinecraftServer/]: [DrPingaFloja: Set Mtaep's game mode to Creative Mode]
[15May2025 00:06:59.885] [Server thread/INFO] [net.minecraft.server.MinecraftServer/]: [Not Secure] <Mtaep> se hara otra semilla o este
[15May2025 00:07:02.824] [Server thread/INFO] [net.minecraft.server.MinecraftServer/]: [Not Secure] <DrPingaFloja> este
[15May2025 00:07:08.175] [Server thread/INFO] [net.minecraft.server.MinecraftServer/]: [Not Secure] <Mtaep> nde mira
[15May2025 00:07:10.545] [Server thread/INFO] [net.minecraft.server.MinecraftServer/]: [Not Secure] <DrPingaFloja> no se cambia asi q no invoques cosas rarras
[15May2025 00:07:12.285] [Server thread/INFO] [net.minecraft.server.MinecraftServer/]: [Not Secure] <DrPingaFloja> raras
[15May2025 00:07:38.134] [Server thread/INFO] [net.minecraft.server.MinecraftServer/]: [Not Secure] <DrPingaFloja> realmente
[15May2025 00:08:13.215] [Server thread/INFO] [net.minecraft.server.network.ServerGamePacketListenerImpl/]: DrPingaFloja lost connection: Disconnected
[15May2025 00:08:13.216] [Server thread/INFO] [net.minecraft.server.MinecraftServer/]: DrPingaFloja left the game
[15May2025 00:08:13.216] [Server thread/INFO] [voicechat/]: [voicechat] Disconnecting client DrPingaFloja
[15May2025 00:12:35.219] [Server thread/INFO] [net.minecraft.server.network.ServerGamePacketListenerImpl/]: Mtaep lost connection: Timed out
[15May2025 00:12:35.219] [Server thread/INFO] [net.minecraft.server.MinecraftServer/]: Mtaep left the game
[15May2025 00:12:35.220] [Server thread/INFO] [voicechat/]: [voicechat] Disconnecting client Mtaep
